<?xml version="1.0" encoding="UTF-8"?>
<!-- Generated by org.testng.reporters.JUnitReportReporter -->
<testsuite hostname="LAPTOP-K3AJ6IF5" failures="0" tests="4" name="test.java.Lesson_14_testng.FactorialCalculatorTest" time="0.008" errors="0" timestamp="2025-01-26T21:19:33 MSK" skipped="0">
  <testcase classname="test.java.Lesson_14_testng.FactorialCalculatorTest" name="testFactorialOfPositiveNumber" time="0.001"/>
  <testcase classname="test.java.Lesson_14_testng.FactorialCalculatorTest" name="testFactorialOfOne" time="0.002"/>
  <testcase classname="test.java.Lesson_14_testng.FactorialCalculatorTest" name="testFactorialOfZero" time="0.000"/>
  <testcase classname="test.java.Lesson_14_testng.FactorialCalculatorTest" name="testFactorialOfNegativeNumber" time="0.005"/>
</testsuite> <!-- test.java.Lesson_14_testng.FactorialCalculatorTest -->
